0 silly argv {
0 silly argv   _: [ 'publish' ],
0 silly argv   composed: 'publish',
0 silly argv   lernaVersion: '3.22.1',
0 silly argv   '$0': '/usr/local/bin/lerna'
0 silly argv }
1 notice cli v3.22.1
2 verbose rootPath /home/aman/Projects/Online-Development-Environment/developerPad
3 verbose session f60fa6f62a6e6064
4 verbose user-agent lerna/3.22.1/node@v15.14.0+x64 (linux)
5 silly argv { _: [ 'publish' ], composed: 'publish', lernaVersion: '3.22.1' }
6 verbose rootPath /home/aman/Projects/Online-Development-Environment/developerPad
7 info current version 0.0.0
8 silly isAnythingCommitted
9 verbose isAnythingCommitted 1
10 silly currentBranch
11 verbose currentBranch master
12 silly remoteBranchExists
13 silly isBehindUpstream
14 silly isBehindUpstream master is behind origin/master by 0 commit(s) and ahead by 0
15 silly hasTags
16 verbose hasTags false
17 info Assuming all packages changed
18 verbose updated developerpad
19 verbose updated @developerpad/local-api
20 verbose updated @developerpad/local-client
21 verbose git-describe undefined => "9822183"
22 silly git-describe parsed => {"refCount":"22","sha":"9822183","isDirty":false}
23 info execute Skipping releases
24 silly lifecycle No script for "preversion" in "root", continuing
25 silly lifecycle No script for "preversion" in "@developerpad/local-client", continuing
26 silly lifecycle No script for "version" in "@developerpad/local-client", continuing
27 silly lifecycle No script for "preversion" in "@developerpad/local-api", continuing
28 silly lifecycle No script for "version" in "@developerpad/local-api", continuing
29 silly lifecycle No script for "preversion" in "developerpad", continuing
30 silly lifecycle No script for "version" in "developerpad", continuing
31 silly lifecycle No script for "version" in "root", continuing
32 silly gitAdd [
32 silly gitAdd   'packages/local-client/package.json',
32 silly gitAdd   'packages/local-client/package-lock.json',
32 silly gitAdd   'packages/local-api/package.json',
32 silly gitAdd   'packages/local-api/package-lock.json',
32 silly gitAdd   'packages/cli/package.json',
32 silly gitAdd   'packages/cli/package-lock.json',
32 silly gitAdd   'lerna.json'
32 silly gitAdd ]
33 silly gitCommit v1.0.0
34 verbose git [ 'commit', '-m', 'v1.0.0' ]
35 silly gitTag v1.0.0
36 verbose git [ 'tag', 'v1.0.0', '-m', 'v1.0.0' ]
37 silly lifecycle No script for "postversion" in "developerpad", continuing
38 silly lifecycle No script for "postversion" in "@developerpad/local-api", continuing
39 silly lifecycle No script for "postversion" in "@developerpad/local-client", continuing
40 silly lifecycle No script for "postversion" in "root", continuing
41 info git Pushing tags...
42 silly gitPush origin master
43 info publish Publishing packages to npm...
44 info Verifying npm credentials
45 verbose Retrieving npm user profile
46 http fetch GET 200 https://registry.npmjs.org/-/npm/v1/user 1324ms
47 silly npm profile get received {"tfa":false,"name":"amanjainnn","email":"jainnnn.aman@gmail.com","email_verified":true,"created":"2021-04-16T05:32:29.637Z","updated":"2021-04-16T05:32:29.634Z","cidr_whitelist":null}
48 silly get npm username received {"username":"amanjainnn","tfa":false,"name":"amanjainnn","email":"jainnnn.aman@gmail.com","email_verified":true,"created":"2021-04-16T05:32:29.637Z","updated":"2021-04-16T05:32:29.634Z","cidr_whitelist":null}
49 silly verifyNpmPackageAccess
50 http fetch GET 200 https://registry.npmjs.org/-/org/amanjainnn/package?format=cli 1054ms
51 info Checking two-factor auth mode
52 verbose Retrieving npm user profile
53 http fetch GET 200 https://registry.npmjs.org/-/npm/v1/user 1344ms
54 silly npm profile get received {"tfa":false,"name":"amanjainnn","email":"jainnnn.aman@gmail.com","email_verified":true,"created":"2021-04-16T05:32:29.637Z","updated":"2021-04-16T05:32:29.634Z","cidr_whitelist":null}
55 silly 2FA false
56 warn ENOLICENSE Packages developerpad, @developerpad/local-api, and @developerpad/local-client are missing a license.
56 warn ENOLICENSE One way to fix this is to add a LICENSE.md file to the root of this repository.
56 warn ENOLICENSE See https://choosealicense.com for additional guidance.
57 silly getCurrentSHA
58 verbose getCurrentSHA 601171a3bd7257104b055a35497d49013fe8296c
59 silly lifecycle No script for "prepublish" in "root", continuing
60 silly lifecycle No script for "prepare" in "root", continuing
61 silly lifecycle No script for "prepublishOnly" in "root", continuing
62 silly lifecycle No script for "prepack" in "root", continuing
63 verbose pack-directory packages/local-client
64 silly lifecycle No script for "prepublish" in "@developerpad/local-client", continuing
65 silly lifecycle No script for "prepare" in "@developerpad/local-client", continuing
66 silly lifecycle "prepublishOnly" starting in "@developerpad/local-client"
67 info lifecycle @developerpad/local-client@1.0.0~prepublishOnly: @developerpad/local-client@1.0.0
68 verbose lifecycle @developerpad/local-client@1.0.0~prepublishOnly: unsafe-perm in lifecycle true
69 verbose lifecycle @developerpad/local-client@1.0.0~prepublishOnly: PATH: /home/aman/Projects/Online-Development-Environment/developerPad/node_modules/npm-lifecycle/node-gyp-bin:/home/aman/Projects/Online-Development-Environment/developerPad/packages/local-client/node_modules/.bin:/usr/local/sbin:/usr/local/bin:/usr/sbin:/usr/bin:/sbin:/bin:/usr/games:/usr/local/games:/snap/bin
70 verbose lifecycle @developerpad/local-client@1.0.0~prepublishOnly: CWD: /home/aman/Projects/Online-Development-Environment/developerPad/packages/local-client
71 silly lifecycle @developerpad/local-client@1.0.0~prepublishOnly: Args: [ '-c', 'npm run build' ]
72 silly lifecycle @developerpad/local-client@1.0.0~prepublishOnly: Returned: code: 0  signal: null
73 silly lifecycle "prepublishOnly" finished in "@developerpad/local-client"
74 silly lifecycle No script for "prepack" in "@developerpad/local-client", continuing
75 error ZlibError: zlib: invalid code lengths set
75 error     at Unzip.write (/home/aman/Projects/Online-Development-Environment/developerPad/node_modules/minizlib/index.js:147:22)
75 error     at Object.write (/home/aman/Projects/Online-Development-Environment/developerPad/node_modules/tar/lib/parse.js:305:58)
75 error     at Yallist.<anonymous> (/home/aman/Projects/Online-Development-Environment/developerPad/node_modules/minipass/index.js:374:18)
75 error     at Yallist.forEach (/home/aman/Projects/Online-Development-Environment/developerPad/node_modules/yallist/yallist.js:156:8)
75 error     at ReadStream.emit (/home/aman/Projects/Online-Development-Environment/developerPad/node_modules/minipass/index.js:373:20)
75 error     at ReadStream.emit (/home/aman/Projects/Online-Development-Environment/developerPad/node_modules/fs-minipass/index.js:154:22)
75 error     at ReadStream.write (/home/aman/Projects/Online-Development-Environment/developerPad/node_modules/minipass/index.js:163:17)
75 error     at ReadStream.[_handleChunk] (/home/aman/Projects/Online-Development-Environment/developerPad/node_modules/fs-minipass/index.js:131:19)
75 error     at ReadStream.[_onread] (/home/aman/Projects/Online-Development-Environment/developerPad/node_modules/fs-minipass/index.js:109:32)
75 error     at /home/aman/Projects/Online-Development-Environment/developerPad/node_modules/fs-minipass/index.js:101:22
